Reading netlist file: "/home/oreo/Src/FPGA-Gowin/vgaminikbd/impl/gwsynthesis/vgaminikbd.vg"
Parsing netlist file "/home/oreo/Src/FPGA-Gowin/vgaminikbd/impl/gwsynthesis/vgaminikbd.vg" completed
Processing netlist completed
Reading constraint file: "/home/oreo/Src/FPGA-Gowin/vgaminikbd/src/vgaminikbd.cst"
Physical Constraint parsed completed
Running placement......
[10%] Placement Phase 0 completed
[20%] Placement Phase 1 completed
[30%] Placement Phase 2 completed
[50%] Placement Phase 3 completed
Running routing......
[60%] Routing Phase 0 completed
[70%] Routing Phase 1 completed
[80%] Routing Phase 2 completed
[90%] Routing Phase 3 completed
Running timing analysis......
[95%] Timing analysis completed
Placement and routing completed
Bitstream generation in progress......
Bitstream generation completed
Running power analysis......
[100%] Power analysis completed
Generate file "/home/oreo/Src/FPGA-Gowin/vgaminikbd/impl/pnr/vgaminikbd.power.html" completed
Generate file "/home/oreo/Src/FPGA-Gowin/vgaminikbd/impl/pnr/vgaminikbd.pin.html" completed
Generate file "/home/oreo/Src/FPGA-Gowin/vgaminikbd/impl/pnr/vgaminikbd.rpt.html" completed
Generate file "/home/oreo/Src/FPGA-Gowin/vgaminikbd/impl/pnr/vgaminikbd.rpt.txt" completed
Generate file "/home/oreo/Src/FPGA-Gowin/vgaminikbd/impl/pnr/vgaminikbd.tr.html" completed
Wed May 14 18:22:34 2025

